0 info it worked if it ends with ok
1 verbose cli [ 'C:\\Program Files\\nodejs\\node.exe',
1 verbose cli   'C:\\Users\\joe\\AppData\\Roaming\\npm\\node_modules\\npm\\bin\\npm-cli.js',
1 verbose cli   'start' ]
2 info using npm@3.10.6
3 info using node@v6.9.1
4 verbose run-script [ 'prestart', 'start', 'poststart' ]
5 info lifecycle codesync-server@1.0.0~prestart: codesync-server@1.0.0
6 silly lifecycle codesync-server@1.0.0~prestart: no script for prestart, continuing
7 info lifecycle codesync-server@1.0.0~start: codesync-server@1.0.0
8 verbose lifecycle codesync-server@1.0.0~start: unsafe-perm in lifecycle true
9 verbose lifecycle codesync-server@1.0.0~start: PATH: C:\Users\joe\AppData\Roaming\npm\node_modules\npm\bin\node-gyp-bin;C:\Users\joe\Dropbox\codesync\node_modules\.bin;C:\ProgramData\Oracle\Java\javapath;C:\Program Files\Haskell\bin;C:\Program Files\Haskell Platform\8.0.1\lib\extralibs\bin;C:\Program Files\Haskell Platform\8.0.1\bin;C:\Python27\;C:\Python27\Scripts;c:\Program Files (x86)\Intel\iCLS Client\;c:\Program Files\Intel\iCLS Client\;C:\WINDOWS\system32;C:\WINDOWS;C:\WINDOWS\System32\Wbem;C:\WINDOWS\System32\WindowsPowerShell\v1.0\;C:\Program Files\Intel\Intel(R) Management Engine Components\DAL;C:\Program Files\Intel\Intel(R) Management Engine Components\IPT;C:\Program Files (x86)\Intel\Intel(R) Management Engine Components\DAL;C:\Program Files (x86)\Intel\Intel(R) Management Engine Components\IPT;C:\Program Files\Intel\WiFi\bin\;C:\Program Files\Common Files\Intel\WirelessCommon\;C:\Program Files (x86)\Skype\Phone\;C:\Program Files\Haskell Platform\8.0.1\mingw\bin;C:\ProgramData\chocolatey\bin;C:\Users\joe\AppData\Roaming\cabal\bin;C:\Users\joe\AppData\Roaming\local\bin;C:\Users\joe\AppData\Roaming\npm;C:\ProgramData\chocolatey\lib\Elixir/bin;C:\Program Files\Emscripten\emscripten\1.35.0;C:\Program Files\Emscripten;C:\Program Files\Emscripten\clang\e1.35.0_64bit;C:\Program Files\Emscripten\node\0.12.2_64bit;C:\Program Files\Emscripten\python\2.7.5.3_64bit;C:\Program Files\Emscripten\java\7.45_64bit\bin;C:\Program Files\Emscripten\crunch\1.03;C:\Program Files\Emscripten\mingw\4.6.2_32bit;C:\Program Files\Rust stable GNU 1.10\bin;C:\Program Files (x86)\Heroku\bin;C:\Program Files (x86)\git\cmd;C:\Program Files (x86)\MiKTeX 2.9\miktex\bin\;C:\Program Files (x86)\GtkSharp\2.12\bin;C:\Program Files\Cloud Foundry;C:\Program Files\Rust stable GNU 1.13\bin;C:\Program Files\Rust nightly GNU 1.15\bin;C:\Program Files\nodejs\;C:\Go\bin;C:\Program Files (x86)\SMLNJ\bin\;C:\WINDOWS\system32\config\systemprofile\.dnx\bin;C:\Program Files\Microsoft DNX\Dnvm\;C:\Program Files\Microsoft SQL Server\130\Tools\Binn\;C:\Program Files\Git\cmd;C:\Program Files\Git\mingw64\bin;C:\Program Files\Git\usr\bin;C:\Program Files (x86)\Windows Kits\10\Windows Performance Toolkit\;C:\xampp\php;C:\ProgramData\ComposerSetup\bin;C:\Program Files (x86)\Brackets\command;C:\Users\joe\AppData\Roaming\cabal\bin;C:\Users\joe\AppData\Roaming\local\bin;C:\Users\joe\AppData\Roaming\npm;C:\Users\joe\AppData\Local\atom\bin;C:\Users\joe\AppData\Roaming\Composer\vendor\bin
10 verbose lifecycle codesync-server@1.0.0~start: CWD: C:\Users\joe\Dropbox\codesync
11 silly lifecycle codesync-server@1.0.0~start: Args: [ '/d /s /c', 'node index.js' ]
12 silly lifecycle codesync-server@1.0.0~start: Returned: code: 1  signal: null
13 info lifecycle codesync-server@1.0.0~start: Failed to exec start script
14 verbose stack Error: codesync-server@1.0.0 start: `node index.js`
14 verbose stack Exit status 1
14 verbose stack     at EventEmitter.<anonymous> (C:\Users\joe\AppData\Roaming\npm\node_modules\npm\lib\utils\lifecycle.js:255:16)
14 verbose stack     at emitTwo (events.js:106:13)
14 verbose stack     at EventEmitter.emit (events.js:191:7)
14 verbose stack     at ChildProcess.<anonymous> (C:\Users\joe\AppData\Roaming\npm\node_modules\npm\lib\utils\spawn.js:40:14)
14 verbose stack     at emitTwo (events.js:106:13)
14 verbose stack     at ChildProcess.emit (events.js:191:7)
14 verbose stack     at maybeClose (internal/child_process.js:877:16)
14 verbose stack     at Process.ChildProcess._handle.onexit (internal/child_process.js:226:5)
15 verbose pkgid codesync-server@1.0.0
16 verbose cwd C:\Users\joe\Dropbox\codesync
17 error Windows_NT 6.3.9600
18 error argv "C:\\Program Files\\nodejs\\node.exe" "C:\\Users\\joe\\AppData\\Roaming\\npm\\node_modules\\npm\\bin\\npm-cli.js" "start"
19 error node v6.9.1
20 error npm  v3.10.6
21 error code ELIFECYCLE
22 error codesync-server@1.0.0 start: `node index.js`
22 error Exit status 1
23 error Failed at the codesync-server@1.0.0 start script 'node index.js'.
23 error Make sure you have the latest version of node.js and npm installed.
23 error If you do, this is most likely a problem with the codesync-server package,
23 error not with npm itself.
23 error Tell the author that this fails on your system:
23 error     node index.js
23 error You can get information on how to open an issue for this project with:
23 error     npm bugs codesync-server
23 error Or if that isn't available, you can get their info via:
23 error     npm owner ls codesync-server
23 error There is likely additional logging output above.
24 verbose exit [ 1, true ]
